2022-08-28 19:45:23,847 [INFO] Activator:177 - 


2022-08-28 19:45:23,851 [INFO] Activator:178 - !SESSION log4j initialized
2022-08-28 19:46:07,022 [ERROR] LogOutputStream:74 - [STDERR_REDIRECT] SLF4J: Failed to load class "org.slf4j.impl.StaticLoggerBinder".
2022-08-28 19:46:07,024 [ERROR] LogOutputStream:74 - [STDERR_REDIRECT] SLF4J: Defaulting to no-operation (NOP) logger implementation
2022-08-28 19:46:07,027 [ERROR] LogOutputStream:74 - [STDERR_REDIRECT] SLF4J: See http://www.slf4j.org/codes.html#StaticLoggerBinder for further details.
2022-08-28 20:30:51,439 [INFO] McuFinderGlobals:44 - Set McuFinder mode to 2 (CubeIDE integrated)
2022-08-28 20:30:51,903 [INFO] ApplicationProperties:181 - Using Application install path: C:\ST\STM32CubeIDE_1.10.1\STM32CubeIDE\plugins\com.st.stm32cube.common.mx_6.6.1.202207061420
2022-08-28 20:30:51,935 [INFO] DbMcusXml:77 - Set database path to: C:\ST\STM32CubeIDE_1.10.1\STM32CubeIDE\plugins\com.st.stm32cube.common.mx_6.6.1.202207061420\\db\/mcu/
2022-08-28 20:30:51,938 [INFO] ApiDb:269 - Set plugin database path to: C:\ST\STM32CubeIDE_1.10.1\STM32CubeIDE\plugins\com.st.stm32cube.common.mx_6.6.1.202207061420\\db\/plugins/boardmanager/
2022-08-28 20:30:51,942 [WARN] ApiDb:254 - Overriding images path with different value:  => C:\ST\STM32CubeIDE_1.10.1\STM32CubeIDE\plugins\com.st.stm32cube.common.mx_6.6.1.202207061420\\db\/plugins/mcufinder/images/
2022-08-28 20:30:51,984 [INFO] ApiDb:249 - Set database path to: C:\Users\dg_su\.stmcufinder\plugins\mcufinder//mcu/
2022-08-28 20:30:51,987 [INFO] DbMcusAds:124 - Set database path to: C:\Users\dg_su\.stmcufinder\plugins\mcufinder//mcu/
2022-08-28 20:30:52,039 [INFO] CrossReferenceDbSqlite:201 - Set database path to: C:\Users\dg_su\.stmcufinder\plugins\mcufinder//mcu/cs/
2022-08-28 20:30:52,265 [INFO] RulesReader:61 - Compatibility file has been processed (282 Rules)
2022-08-28 20:30:52,425 [INFO] DbMcusXml:77 - Set database path to: C:\ST\STM32CubeIDE_1.10.1\STM32CubeIDE\plugins\com.st.stm32cube.common.mx_6.6.1.202207061420\\db\/mcu/
2022-08-28 20:30:52,426 [INFO] ApiDb:269 - Set plugin database path to: C:\ST\STM32CubeIDE_1.10.1\STM32CubeIDE\plugins\com.st.stm32cube.common.mx_6.6.1.202207061420\\db\/plugins/boardmanager/
2022-08-28 20:30:52,426 [INFO] ApiDb:256 - Set plugin images path to: C:\ST\STM32CubeIDE_1.10.1\STM32CubeIDE\plugins\com.st.stm32cube.common.mx_6.6.1.202207061420\\db\/plugins/mcufinder/images/
2022-08-28 20:30:52,427 [WARN] DbFile:40 - Overriding database path with different value: C:\Users\dg_su\.stmcufinder\plugins\mcufinder/ => C:\Users\dg_su\.stmcufinder\plugins\mcufinder
2022-08-28 20:30:52,427 [INFO] ApiDb:249 - Set database path to: C:\Users\dg_su\.stmcufinder\plugins\mcufinder//mcu/
2022-08-28 20:30:52,428 [WARN] DbFile:40 - Overriding database path with different value: C:\Users\dg_su\.stmcufinder\plugins\mcufinder/ => C:\Users\dg_su\.stmcufinder\plugins\mcufinder
2022-08-28 20:30:52,428 [INFO] DbMcusAds:124 - Set database path to: C:\Users\dg_su\.stmcufinder\plugins\mcufinder//mcu/
2022-08-28 20:30:52,429 [WARN] DbFile:40 - Overriding database path with different value: C:\Users\dg_su\.stmcufinder\plugins\mcufinder/ => C:\Users\dg_su\.stmcufinder\plugins\mcufinder
2022-08-28 20:30:52,430 [WARN] DbFile:40 - Overriding database path with different value: C:\Users\dg_su\.stmcufinder\plugins\mcufinder/ => C:\Users\dg_su\.stmcufinder\plugins\mcufinder
2022-08-28 20:30:52,430 [INFO] CrossReferenceDbSqlite:201 - Set database path to: C:\Users\dg_su\.stmcufinder\plugins\mcufinder//mcu/cs/
2022-08-28 20:30:52,569 [INFO] MainPanel:242 - HeapMemory: 359661568
2022-08-28 20:30:52,829 [INFO] DbMcusXml:77 - Set database path to: C:\ST\STM32CubeIDE_1.10.1\STM32CubeIDE\plugins\com.st.stm32cube.common.mx_6.6.1.202207061420\\db\/mcu/
2022-08-28 20:30:52,830 [INFO] ApiDb:269 - Set plugin database path to: C:\ST\STM32CubeIDE_1.10.1\STM32CubeIDE\plugins\com.st.stm32cube.common.mx_6.6.1.202207061420\\db\/plugins/boardmanager/
2022-08-28 20:30:52,830 [INFO] ApiDb:256 - Set plugin images path to: C:\ST\STM32CubeIDE_1.10.1\STM32CubeIDE\plugins\com.st.stm32cube.common.mx_6.6.1.202207061420\\db\/plugins/mcufinder/images/
2022-08-28 20:30:52,831 [WARN] DbFile:40 - Overriding database path with different value: C:\Users\dg_su\.stmcufinder\plugins\mcufinder/ => C:\Users\dg_su\.stmcufinder\plugins\mcufinder
2022-08-28 20:30:52,831 [INFO] ApiDb:249 - Set database path to: C:\Users\dg_su\.stmcufinder\plugins\mcufinder//mcu/
2022-08-28 20:30:52,831 [WARN] DbFile:40 - Overriding database path with different value: C:\Users\dg_su\.stmcufinder\plugins\mcufinder/ => C:\Users\dg_su\.stmcufinder\plugins\mcufinder
2022-08-28 20:30:52,832 [INFO] DbMcusAds:124 - Set database path to: C:\Users\dg_su\.stmcufinder\plugins\mcufinder//mcu/
2022-08-28 20:30:52,832 [WARN] DbFile:40 - Overriding database path with different value: C:\Users\dg_su\.stmcufinder\plugins\mcufinder/ => C:\Users\dg_su\.stmcufinder\plugins\mcufinder
2022-08-28 20:30:52,839 [WARN] DbFile:40 - Overriding database path with different value: C:\Users\dg_su\.stmcufinder\plugins\mcufinder/ => C:\Users\dg_su\.stmcufinder\plugins\mcufinder
2022-08-28 20:30:52,839 [INFO] CrossReferenceDbSqlite:201 - Set database path to: C:\Users\dg_su\.stmcufinder\plugins\mcufinder//mcu/cs/
2022-08-28 20:30:52,868 [INFO] ApplicationProperties:181 - Using Application install path: C:\ST\STM32CubeIDE_1.10.1\STM32CubeIDE\plugins\com.st.stm32cube.common.mx_6.6.1.202207061420
2022-08-28 20:30:52,871 [INFO] PluginManage:193 - Search for loadable plugins [exclusion list=, ]
2022-08-28 20:30:52,873 [INFO] PluginManage:307 - Check plugin analytics
2022-08-28 20:30:53,540 [INFO] AnalyticsPlugin:262 - Accepted Software Licenses: 
2022-08-28 20:30:53,540 [INFO] AnalyticsPlugin:264 - Accepted CMSIS Pack Licenses: 
2022-08-28 20:30:53,541 [INFO] AnalyticsPlugin:266 - Accepted Firmware Licenses: 
2022-08-28 20:30:53,554 [INFO] PluginManage:356 - Loaded plugin analytics (category:tool,tabindex:-1)
2022-08-28 20:30:53,555 [INFO] PluginManage:307 - Check plugin cadmodel
2022-08-28 20:30:53,559 [INFO] CADModel:65 - Init CAD model plugin
2022-08-28 20:30:53,560 [INFO] PluginManage:356 - Loaded plugin cadmodel (category:power,tabindex:5)
2022-08-28 20:30:53,560 [INFO] PluginManage:307 - Check plugin clock
2022-08-28 20:30:53,575 [INFO] PluginManage:356 - Loaded plugin clock (category:base,tabindex:2)
2022-08-28 20:30:53,575 [INFO] PluginManage:307 - Check plugin ddr
2022-08-28 20:30:53,578 [INFO] PluginManage:356 - Loaded plugin ddr (category:tool,tabindex:6)
2022-08-28 20:30:53,579 [INFO] PluginManage:307 - Check plugin filemanager
2022-08-28 20:30:54,386 [INFO] PluginManage:356 - Loaded plugin filemanager (category:base,tabindex:10)
2022-08-28 20:30:54,389 [INFO] PluginManage:307 - Check plugin ipmanager
2022-08-28 20:30:54,401 [INFO] PluginManage:356 - Loaded plugin ipmanager (category:base,tabindex:5)
2022-08-28 20:30:54,402 [INFO] PluginManage:307 - Check plugin lpbam
2022-08-28 20:30:54,415 [INFO] PluginManage:356 - Loaded plugin lpbam (category:base,tabindex:0)
2022-08-28 20:30:54,415 [INFO] PluginManage:307 - Check plugin pinoutandconfiguration
2022-08-28 20:30:54,442 [INFO] PluginManage:356 - Loaded plugin pinoutandconfiguration (category:base,tabindex:1)
2022-08-28 20:30:54,444 [INFO] PluginManage:307 - Check plugin pinoutconfig
2022-08-28 20:30:54,532 [INFO] PluginManage:356 - Loaded plugin pinoutconfig (category:base,tabindex:0)
2022-08-28 20:30:54,533 [INFO] PluginManage:307 - Check plugin power
2022-08-28 20:30:54,547 [INFO] PluginManage:356 - Loaded plugin power (category:power,tabindex:4)
2022-08-28 20:30:54,547 [INFO] PluginManage:307 - Check plugin projectmanager
2022-08-28 20:30:54,682 [INFO] PluginManage:356 - Loaded plugin projectmanager (category:projectmanager,tabindex:3)
2022-08-28 20:30:54,683 [INFO] PluginManage:307 - Check plugin thirdparty
2022-08-28 20:30:55,267 [INFO] PluginManage:356 - Loaded plugin thirdparty (category:base,tabindex:-1)
2022-08-28 20:30:55,267 [INFO] PluginManage:307 - Check plugin tools
2022-08-28 20:30:55,275 [INFO] PluginManage:356 - Loaded plugin tools (category:base,tabindex:7)
2022-08-28 20:30:55,275 [INFO] PluginManage:307 - Check plugin tutovideos
2022-08-28 20:30:55,404 [WARN] IntegrityCheckThread:82 - waiting for thirdparty lock release [integrity check]
2022-08-28 20:30:55,417 [INFO] IntegrityCheckThread:84 - entering critical section [integrity check]
2022-08-28 20:30:55,425 [INFO] ThirdPartyUpdaterWithRetryManager:70 - Updater plugin not ready yet. [1/15]
2022-08-28 20:30:55,749 [INFO] PluginManage:356 - Loaded plugin tutovideos (category:base,tabindex:-1)
2022-08-28 20:30:55,749 [INFO] PluginManage:307 - Check plugin updater
2022-08-28 20:30:59,780 [INFO] ThirdPartyUpdaterWithRetryManager:70 - Updater plugin not ready yet. [2/15]
2022-08-28 20:30:59,883 [INFO] PluginManage:356 - Loaded plugin updater (category:base,tabindex:12)
2022-08-28 20:30:59,894 [INFO] PluginManage:280 - PluginManage : Loaded plugins [15]
2022-08-28 20:31:01,545 [INFO] PinOutPanel:1468 - setPackage(No Configuration,No Configuration)
2022-08-28 20:31:01,844 [INFO] CADModel:98 - CPN selected for project level
2022-08-28 20:31:01,986 [INFO] IPUIPlugin:79 - create IPUIPlugin
2022-08-28 20:31:01,989 [INFO] PluginManager:217 - loadIPPluginJar : add adc
2022-08-28 20:31:01,997 [INFO] IPUIPlugin:79 - create IPUIPlugin
2022-08-28 20:31:01,998 [INFO] PluginManager:217 - loadIPPluginJar : add aes
2022-08-28 20:31:02,007 [INFO] IPUIPlugin:79 - create IPUIPlugin
2022-08-28 20:31:02,007 [INFO] PluginManager:217 - loadIPPluginJar : add can
2022-08-28 20:31:02,039 [INFO] IPUIPlugin:79 - create IPUIPlugin
2022-08-28 20:31:02,040 [INFO] PluginManager:217 - loadIPPluginJar : add comp
2022-08-28 20:31:02,056 [INFO] IPUIPlugin:79 - create IPUIPlugin
2022-08-28 20:31:02,056 [INFO] PluginManager:217 - loadIPPluginJar : add cryp
2022-08-28 20:31:02,061 [INFO] IPUIPlugin:79 - create IPUIPlugin
2022-08-28 20:31:02,061 [INFO] PluginManager:217 - loadIPPluginJar : add dfsdm
2022-08-28 20:31:02,074 [INFO] IPUIPlugin:79 - create IPUIPlugin
2022-08-28 20:31:02,075 [INFO] PluginManager:217 - loadIPPluginJar : add dma
2022-08-28 20:31:02,079 [INFO] IPUIPlugin:79 - create IPUIPlugin
2022-08-28 20:31:02,080 [INFO] PluginManager:217 - loadIPPluginJar : add dma3
2022-08-28 20:31:02,120 [INFO] IPUIPlugin:79 - create IPUIPlugin
2022-08-28 20:31:02,120 [INFO] PluginManager:217 - loadIPPluginJar : add fatfs
2022-08-28 20:31:02,129 [INFO] IPUIPlugin:79 - create IPUIPlugin
2022-08-28 20:31:02,130 [INFO] PluginManager:217 - loadIPPluginJar : add fmc
2022-08-28 20:31:02,140 [INFO] IPUIPlugin:79 - create IPUIPlugin
2022-08-28 20:31:02,141 [INFO] PluginManager:217 - loadIPPluginJar : add freertos
2022-08-28 20:31:02,143 [INFO] IPUIPlugin:79 - create IPUIPlugin
2022-08-28 20:31:02,144 [INFO] PluginManager:217 - loadIPPluginJar : add genericplugin
2022-08-28 20:31:02,148 [INFO] IPUIPlugin:79 - create IPUIPlugin
2022-08-28 20:31:02,148 [INFO] PluginManager:217 - loadIPPluginJar : add gfxmmu
2022-08-28 20:31:02,194 [INFO] IPUIPlugin:79 - create IPUIPlugin
2022-08-28 20:31:02,206 [INFO] PluginManager:217 - loadIPPluginJar : add gic
2022-08-28 20:31:02,213 [INFO] IPUIPlugin:79 - create IPUIPlugin
2022-08-28 20:31:02,214 [INFO] PluginManager:217 - loadIPPluginJar : add gpio
2022-08-28 20:31:02,221 [INFO] IPUIPlugin:79 - create IPUIPlugin
2022-08-28 20:31:02,221 [INFO] PluginManager:217 - loadIPPluginJar : add gtzc
2022-08-28 20:31:02,237 [INFO] IPUIPlugin:79 - create IPUIPlugin
2022-08-28 20:31:02,240 [INFO] PluginManager:217 - loadIPPluginJar : add hash
2022-08-28 20:31:02,244 [INFO] IPUIPlugin:79 - create IPUIPlugin
2022-08-28 20:31:02,245 [INFO] PluginManager:217 - loadIPPluginJar : add i2c
2022-08-28 20:31:02,252 [INFO] IPUIPlugin:79 - create IPUIPlugin
2022-08-28 20:31:02,253 [INFO] PluginManager:217 - loadIPPluginJar : add i2s
2022-08-28 20:31:02,257 [INFO] IPUIPlugin:79 - create IPUIPlugin
2022-08-28 20:31:02,257 [INFO] PluginManager:217 - loadIPPluginJar : add ipddr
2022-08-28 20:31:02,308 [INFO] IPUIPlugin:79 - create IPUIPlugin
2022-08-28 20:31:02,308 [INFO] PluginManager:217 - loadIPPluginJar : add linkedlist
2022-08-28 20:31:02,312 [INFO] IPUIPlugin:79 - create IPUIPlugin
2022-08-28 20:31:02,313 [INFO] PluginManager:217 - loadIPPluginJar : add lorawan
2022-08-28 20:31:02,315 [INFO] IPUIPlugin:79 - create IPUIPlugin
2022-08-28 20:31:02,316 [INFO] PluginManager:217 - loadIPPluginJar : add ltdc
2022-08-28 20:31:02,327 [INFO] IPUIPlugin:79 - create IPUIPlugin
2022-08-28 20:31:02,328 [INFO] PluginManager:217 - loadIPPluginJar : add mdma
2022-08-28 20:31:02,339 [INFO] IPUIPlugin:79 - create IPUIPlugin
2022-08-28 20:31:02,340 [INFO] PluginManager:217 - loadIPPluginJar : add nvic
2022-08-28 20:31:02,391 [INFO] IPUIPlugin:79 - create IPUIPlugin
2022-08-28 20:31:02,392 [INFO] PluginManager:217 - loadIPPluginJar : add opamp
2022-08-28 20:31:02,399 [INFO] IPUIPlugin:79 - create IPUIPlugin
2022-08-28 20:31:02,401 [INFO] PluginManager:217 - loadIPPluginJar : add openamp
2022-08-28 20:31:02,407 [INFO] IPUIPlugin:79 - create IPUIPlugin
2022-08-28 20:31:02,408 [INFO] PluginManager:217 - loadIPPluginJar : add pdm2pcm
2022-08-28 20:31:02,420 [INFO] IPUIPlugin:79 - create IPUIPlugin
2022-08-28 20:31:02,425 [INFO] PluginManager:217 - loadIPPluginJar : add plateformsettings
2022-08-28 20:31:02,547 [INFO] IPUIPlugin:79 - create IPUIPlugin
2022-08-28 20:31:02,547 [INFO] PluginManager:217 - loadIPPluginJar : add quadspi
2022-08-28 20:31:02,556 [INFO] IPUIPlugin:79 - create IPUIPlugin
2022-08-28 20:31:02,556 [INFO] PluginManager:217 - loadIPPluginJar : add resmgrutility
2022-08-28 20:31:02,562 [INFO] IPUIPlugin:79 - create IPUIPlugin
2022-08-28 20:31:02,564 [INFO] PluginManager:217 - loadIPPluginJar : add sai
2022-08-28 20:31:02,573 [INFO] IPUIPlugin:79 - create IPUIPlugin
2022-08-28 20:31:02,574 [INFO] PluginManager:217 - loadIPPluginJar : add spi
2022-08-28 20:31:02,580 [INFO] IPUIPlugin:79 - create IPUIPlugin
2022-08-28 20:31:02,581 [INFO] PluginManager:217 - loadIPPluginJar : add stm32_wpan
2022-08-28 20:31:02,584 [INFO] IPUIPlugin:79 - create IPUIPlugin
2022-08-28 20:31:02,584 [INFO] PluginManager:217 - loadIPPluginJar : add tim
2022-08-28 20:31:02,655 [INFO] IPUIPlugin:79 - create IPUIPlugin
2022-08-28 20:31:02,656 [INFO] PluginManager:217 - loadIPPluginJar : add touchsensing
2022-08-28 20:31:02,666 [INFO] IPUIPlugin:79 - create IPUIPlugin
2022-08-28 20:31:02,666 [INFO] PluginManager:217 - loadIPPluginJar : add tracer_emb
2022-08-28 20:31:02,671 [INFO] IPUIPlugin:79 - create IPUIPlugin
2022-08-28 20:31:02,671 [INFO] PluginManager:217 - loadIPPluginJar : add ts
2022-08-28 20:31:02,675 [INFO] IPUIPlugin:79 - create IPUIPlugin
2022-08-28 20:31:02,676 [INFO] PluginManager:217 - loadIPPluginJar : add tsc
2022-08-28 20:31:02,679 [INFO] IPUIPlugin:79 - create IPUIPlugin
2022-08-28 20:31:02,679 [INFO] PluginManager:217 - loadIPPluginJar : add ucpd
2022-08-28 20:31:02,684 [INFO] IPUIPlugin:79 - create IPUIPlugin
2022-08-28 20:31:02,685 [INFO] PluginManager:217 - loadIPPluginJar : add usart
2022-08-28 20:31:02,692 [INFO] IPUIPlugin:79 - create IPUIPlugin
2022-08-28 20:31:02,694 [INFO] PluginManager:217 - loadIPPluginJar : add usbx
2022-08-28 20:31:02,824 [INFO] ThirdPartyUpdaterWithRetryManager:70 - Updater plugin not ready yet. [3/15]
2022-08-28 20:31:03,400 [FATAL] Updater:301 - Updater called before beeing initialized
2022-08-28 20:31:03,971 [FATAL] Updater:301 - Updater called before beeing initialized
2022-08-28 20:31:03,987 [INFO] DbMcusAds:52 - JSON generation date=Thu Sep 30 01:55:09 CDT 2021 (1632984909377)
2022-08-28 20:31:03,988 [FATAL] Updater:301 - Updater called before beeing initialized
2022-08-28 20:31:04,147 [WARN] DetailPanel:344 - Failed to get advertising image, set to default
2022-08-28 20:31:04,684 [FATAL] Updater:301 - Updater called before beeing initialized
2022-08-28 20:31:04,687 [FATAL] Updater:301 - Updater called before beeing initialized
2022-08-28 20:31:04,688 [FATAL] Updater:301 - Updater called before beeing initialized
2022-08-28 20:31:04,688 [WARN] DetailPanel:344 - Failed to get advertising image, set to default
2022-08-28 20:31:04,692 [FATAL] Updater:301 - Updater called before beeing initialized
2022-08-28 20:31:04,841 [ERROR] Updater:1105 - MainUpdater not yet initialized. External WinMGr cannot be set.
2022-08-28 20:31:04,854 [INFO] Updater:1041 - Updater Version found : 6.6.1
2022-08-28 20:31:04,906 [INFO] ApplicationProperties:181 - Using Application install path: C:\ST\STM32CubeIDE_1.10.1\STM32CubeIDE\plugins\com.st.stm32cube.common.mx_6.6.1.202207061420
2022-08-28 20:31:05,467 [INFO] MainUpdater:2768 - connection check result : 10
2022-08-28 20:31:05,468 [INFO] MainUpdater:280 - Updater Check For Update Now.
2022-08-28 20:31:05,469 [INFO] MicroXplorer:481 - Change Database Version : DB.6.0.60
2022-08-28 20:31:05,944 [WARN] MainUpdater:1184 - Updater busy. Cannot search thirdparties
2022-08-28 20:31:05,944 [INFO] ThirdPartyUpdaterWithRetryManager:96 - Updater plugin is busy. [1/15]
2022-08-28 20:31:06,004 [INFO] CheckServerUpdateThread:119 - End of CheckServer Thread
2022-08-28 20:31:06,219 [INFO] MainUpdater:2768 - connection check result : 10
2022-08-28 20:31:07,988 [INFO] McuFinderGlobals:57 - Set McuFinderConnectedMode to true
2022-08-28 20:31:08,004 [INFO] MultiScanPanel:195 - Auto-refresh data requested => check proxy status ongoing
2022-08-28 20:31:08,011 [INFO] FinderPluginLoader:92 - Searching for filters in installed packs
2022-08-28 20:31:08,386 [INFO] ApiDb:576 - Connected to CubeFinder SQLite database (C:\Users\dg_su\.stmcufinder\plugins\mcufinder\mcu\cube-finder-db.db)
2022-08-28 20:31:08,441 [INFO] ApiDb:663 - CubeFinder database Data Model version=2.1
2022-08-28 20:31:08,442 [INFO] ApiDb:664 - CubeFinder database Configuration version=3.0.32
2022-08-28 20:31:08,445 [INFO] ApiDb:665 - CubeFinder database generation date=2022-08-05 (1659688109)
2022-08-28 20:31:08,445 [INFO] ApiDb:666 - CubeFinder database FW Pack versions=[STM32Cube_FW_C0_V1.0.0, STM32Cube_FW_F4_V1.27.1, STM32Cube_FW_F7_V1.17.0, STM32Cube_FW_G0_V1.6.1, STM32Cube_FW_G4_V1.5.0, STM32Cube_FW_H7_V1.10.0, STM32Cube_FW_L5_V1.4.0, STM32Cube_FW_U5_V1.1.1, STM32Cube_FW_WB_V1.14.1, STM32Cube_FW_WL_V1.2.0, X-CUBE-ALGOBUILD_V1.3.0, X-CUBE-ALS_V1.0.1, X-CUBE-AZRTOS-F4_V1.1.0, X-CUBE-AZRTOS-F7_V1.1.0, X-CUBE-AZRTOS-G0_V1.1.0, X-CUBE-AZRTOS-G4_V1.0.0, X-CUBE-AZRTOS-H7_V2.1.0, X-CUBE-AZRTOS-L4_V1.0.0, X-CUBE-AZRTOS-L5_V1.0.0, X-CUBE-AZRTOS-WL_V1.0.0, X-CUBE-BLE1_V6.2.3, X-CUBE-BLE2_V3.3.0, X-CUBE-EEPRMA1_V3.1.1, X-CUBE-GNSS1_V6.0.0, X-CUBE-MEMS1_V9.1.0, X-CUBE-MEMS1_V9.3.0, X-CUBE-NFC4_V2.0.4, X-CUBE-NFC7_V1.0.0, X-CUBE-SFXS2LP1_V4.0.0, X-CUBE-SUBG2_V5.0.0]
2022-08-28 20:31:09,801 [WARN] PackLoader:242 - Cannot read IP mode file for STMicroelectronics.X-CUBE-GNSS1.6.0.0
2022-08-28 20:31:10,218 [WARN] PackLoader:242 - Cannot read IP mode file for STMicroelectronics.X-CUBE-AZRTOS-F4.1.1.0
2022-08-28 20:31:10,420 [WARN] PackLoader:242 - Cannot read IP mode file for STMicroelectronics.X-CUBE-AZRTOS-F7.1.1.0
2022-08-28 20:31:10,474 [WARN] PackLoader:242 - Cannot read IP mode file for STMicroelectronics.X-CUBE-BLE1.6.2.3
2022-08-28 20:31:10,540 [WARN] PackLoader:242 - Cannot read IP mode file for STMicroelectronics.X-CUBE-NFC4.2.0.4
2022-08-28 20:31:10,577 [WARN] PackLoader:242 - Cannot read IP mode file for STMicroelectronics.X-CUBE-TOF1.3.1.0
2022-08-28 20:31:10,724 [WARN] PackLoader:242 - Cannot read IP mode file for STMicroelectronics.X-CUBE-NFC7.1.0.0
2022-08-28 20:31:11,088 [WARN] PackLoader:242 - Cannot read IP mode file for STMicroelectronics.X-CUBE-MEMS1.9.3.0
2022-08-28 20:31:12,136 [WARN] PackLoader:242 - Cannot read IP mode file for STMicroelectronics.X-CUBE-AI.7.2.0
2022-08-28 20:31:12,156 [WARN] PackLoader:242 - Cannot read IP mode file for STMicroelectronics.X-CUBE-SFXS2LP1.4.0.0
2022-08-28 20:31:12,322 [WARN] PackLoader:242 - Cannot read IP mode file for STMicroelectronics.X-CUBE-BLE2.3.3.0
2022-08-28 20:31:12,348 [WARN] PackLoader:242 - Cannot read IP mode file for STMicroelectronics.X-CUBE-DISPLAY.2.2.0
2022-08-28 20:31:12,374 [WARN] PackLoader:242 - Cannot read IP mode file for STMicroelectronics.X-CUBE-ISPU.1.0.0
2022-08-28 20:31:12,535 [WARN] PackLoader:242 - Cannot read IP mode file for RoweBots.I-CUBE-UNISONRTOS.5.5.0-4
2022-08-28 20:31:12,579 [WARN] PackLoader:242 - Cannot read IP mode file for STMicroelectronics.X-CUBE-AZRTOS-H7.2.1.0
2022-08-28 20:31:12,751 [WARN] PackLoader:242 - Cannot read IP mode file for wolfSSL.I-CUBE-wolfSSL.5.4.0
2022-08-28 20:31:12,777 [WARN] PackLoader:242 - Cannot read IP mode file for STMicroelectronics.X-CUBE-BLEMGR.1.0.0
2022-08-28 20:31:12,824 [WARN] PackLoader:242 - Cannot read IP mode file for STMicroelectronics.X-CUBE-ALGOBUILD.1.3.0
2022-08-28 20:31:12,983 [WARN] PackLoader:242 - Cannot read IP mode file for STMicroelectronics.X-CUBE-AZRTOS-G0.1.1.0
2022-08-28 20:31:13,013 [WARN] PackLoader:242 - Cannot read IP mode file for STMicroelectronics.X-CUBE-SUBG2.5.0.0
2022-08-28 20:31:13,642 [WARN] PackLoader:242 - Cannot read IP mode file for SEGGER.I-CUBE-embOS.1.2.0
2022-08-28 20:31:14,184 [WARN] PackLoader:242 - Cannot read IP mode file for STMicroelectronics.FP-ATR-ASTRA1.1.1.0
2022-08-28 20:31:14,226 [WARN] PackLoader:242 - Cannot read IP mode file for STMicroelectronics.X-CUBE-AZRTOS-G4.1.0.0
2022-08-28 20:31:14,393 [WARN] PackLoader:242 - Cannot read IP mode file for STMicroelectronics.X-CUBE-AZRTOS-L4.1.0.0
2022-08-28 20:31:14,425 [WARN] PackLoader:242 - Cannot read IP mode file for emotas.I-CUBE-CANOPEN.1.1.2
2022-08-28 20:31:14,443 [WARN] PackLoader:242 - Cannot read IP mode file for STMicroelectronics.X-CUBE-TOUCHGFX.4.20.0
2022-08-28 20:31:14,597 [WARN] PackLoader:242 - Cannot read IP mode file for STMicroelectronics.X-CUBE-AZRTOS-WL.1.0.0
2022-08-28 20:31:14,609 [WARN] PackLoader:242 - Cannot read IP mode file for portGmbH.I-Cube-SoM-uGOAL.1.1.0
2022-08-28 20:31:14,615 [WARN] PackLoader:242 - Cannot read IP mode file for STMicroelectronics.X-CUBE-ALS.1.0.1
2022-08-28 20:31:14,807 [WARN] PackLoader:242 - Cannot read IP mode file for STMicroelectronics.X-CUBE-AZRTOS-L5.1.0.0
2022-08-28 20:31:14,820 [WARN] PackLoader:242 - Cannot read IP mode file for STMicroelectronics.X-CUBE-EEPRMA1.3.1.1
2022-08-28 20:31:14,822 [INFO] ThirdParty:929 - Integrity check success = true
2022-08-28 20:31:14,823 [INFO] IntegrityCheckThread:98 - exiting critical section [integrity check]
2022-08-28 20:31:14,823 [INFO] IntegrityCheckThread:101 - End integrity checks thread
2022-08-28 20:31:17,657 [INFO] ApiDb:239 - Found 138 in-development CPN: [B-WB1M-WPAN1, NUCLEO-C031C6, STEVAL-STWINBX1, STM320518-EVAL, STM32C0116-DK, STM32C011D6Y3TR, STM32C011D6Y6TR, STM32C011F4P3, STM32C011F4P6, STM32C011F4U3, STM32C011F4U6TR, STM32C011F6P3, STM32C011F6P6, STM32C011F6U3, STM32C011F6U6TR, STM32C011J4M3, STM32C011J4M6, STM32C011J6M3, STM32C011J6M6, STM32C0316-DK, STM32C031C4T3, STM32C031C4T6, STM32C031C4U3, STM32C031C4U6, STM32C031C6T3, STM32C031C6T6, STM32C031C6U3, STM32C031C6U6, STM32C031F4P3, STM32C031F4P6, STM32C031F6P3, STM32C031F6P6, STM32C031G4U3, STM32C031G4U6, STM32C031G6U3, STM32C031G6U6, STM32C031K4T3, STM32C031K4T6, STM32C031K4U3, STM32C031K4U6, STM32C031K6T3, STM32C031K6T6, STM32C031K6U3, STM32C031K6U6, STM32G071K8TXN, STM32G071K8UXN, STM32G081GBU6N, STM32G081KBT6N, STM32G081KBUXN, STM32G0B1CCT6N, STM32G0B1KCT6, STM32G0B1NEY6TR, STM32G0B1RCT6N, STM32G0C1CCT6, STM32G0C1CCT6N, STM32G0C1CCU6N, STM32G0C1CET6N, STM32G0C1CEU6N, STM32G0C1KCT6, STM32G0C1NEY6TR, STM32G0C1RCI6N, STM32G0C1RCT6N, STM32G0C1REI6N, STM32G0C1RET6N, STM32G0C1VCI6, STM32G0C1VEI6, STM32G471CCT6, STM32G471CCU6, STM32G471CET3, STM32G471CET6, STM32G471CEU3, STM32G471CEU6, STM32G471MCT6, STM32G471MET3, STM32G471MET6, STM32G471MEY6TR, STM32G471QCT6, STM32G471QET3, STM32G471RCT6, STM32G471RET3, STM32G471RET6, STM32G471VCH6, STM32G471VCI6, STM32G471VCT6, STM32G471VEH3, STM32G471VEH6, STM32G471VEI3, STM32G471VEI6, STM32G471VET3, STM32G471VET6, STM32G474CCT6, STM32L476VGY6PTR, STM32L4R5QGI6STR, STM32MP131AAE3, STM32MP131AAF3, STM32MP131AAG3, STM32MP131CAE3, STM32MP131CAF3, STM32MP131CAG3, STM32MP131DAE7, STM32MP131DAF7, STM32MP131DAG7, STM32MP131FAE7, STM32MP131FAF7, STM32MP131FAG7, STM32MP133AAE3, STM32MP133AAF3, STM32MP133AAG3, STM32MP133CAE3, STM32MP133CAF3, STM32MP133CAG3, STM32MP133DAE7, STM32MP133DAF7, STM32MP133DAG7, STM32MP133FAE7, STM32MP133FAF7, STM32MP133FAG7, STM32MP135AAE3, STM32MP135AAF3, STM32MP135AAG3, STM32MP135CAE3, STM32MP135CAF3, STM32MP135CAG3, STM32MP135DAE7, STM32MP135DAF7, STM32MP135DAG7, STM32MP135F-DK, STM32MP135FAE7, STM32MP135FAF7, STM32MP135FAG7, STM32U595ZJT6Q, STM32U599BJY6QTR, STM32U599NIH6Q, STM32U599NJH6Q, STM32U5A5ZJT6Q, STM32U5A9BJY6QTR, STM32U5A9NJH6Q, STM32WB1MMCH6]
2022-08-28 20:31:17,710 [INFO] DbMcus:215 - Found 3542 MCUs, 3542 are supported
2022-08-28 20:31:17,714 [INFO] ApiDb:418 - Load user favorites file C:\Users\dg_su/.stm32cubeide/favorites.mcus.txt: 0 item(s)
2022-08-28 20:31:17,715 [INFO] ApiDb:422 - User favorites MCUs=[]
2022-08-28 20:31:17,716 [INFO] DbMcus:221 - Set 0 / 0 favorites MCUs
2022-08-28 20:31:35,400 [INFO] LoadUrlFilesThread:177 - End of LoadServerUrlFiles without Thread
2022-08-28 20:31:37,249 [INFO] DetailPanel:339 - Set advertising image to C:/Users/dg_su/STM32Cube/Repository/\en.Prom_NBSTM32U50921.jpg
2022-08-28 20:31:42,100 [INFO] MultiScanPanel:778 - Auto Refresh Data is not needed
2022-08-28 20:31:42,114 [INFO] ApiDb:663 - CubeFinder database Data Model version=2.1
2022-08-28 20:31:42,115 [INFO] ApiDb:664 - CubeFinder database Configuration version=3.0.32
2022-08-28 20:31:42,115 [INFO] ApiDb:665 - CubeFinder database generation date=2022-08-05 (1659688109)
2022-08-28 20:31:42,115 [INFO] ApiDb:666 - CubeFinder database FW Pack versions=[STM32Cube_FW_C0_V1.0.0, STM32Cube_FW_F4_V1.27.1, STM32Cube_FW_F7_V1.17.0, STM32Cube_FW_G0_V1.6.1, STM32Cube_FW_G4_V1.5.0, STM32Cube_FW_H7_V1.10.0, STM32Cube_FW_L5_V1.4.0, STM32Cube_FW_U5_V1.1.1, STM32Cube_FW_WB_V1.14.1, STM32Cube_FW_WL_V1.2.0, X-CUBE-ALGOBUILD_V1.3.0, X-CUBE-ALS_V1.0.1, X-CUBE-AZRTOS-F4_V1.1.0, X-CUBE-AZRTOS-F7_V1.1.0, X-CUBE-AZRTOS-G0_V1.1.0, X-CUBE-AZRTOS-G4_V1.0.0, X-CUBE-AZRTOS-H7_V2.1.0, X-CUBE-AZRTOS-L4_V1.0.0, X-CUBE-AZRTOS-L5_V1.0.0, X-CUBE-AZRTOS-WL_V1.0.0, X-CUBE-BLE1_V6.2.3, X-CUBE-BLE2_V3.3.0, X-CUBE-EEPRMA1_V3.1.1, X-CUBE-GNSS1_V6.0.0, X-CUBE-MEMS1_V9.1.0, X-CUBE-MEMS1_V9.3.0, X-CUBE-NFC4_V2.0.4, X-CUBE-NFC7_V1.0.0, X-CUBE-SFXS2LP1_V4.0.0, X-CUBE-SUBG2_V5.0.0]
2022-08-28 20:31:42,620 [INFO] DbBoardsSqlite:227 - include board P-NUCLEO-WB55-NUCLEO as a kit item of type 'Nucleo-64'
2022-08-28 20:31:42,621 [INFO] DbBoardsSqlite:227 - include board P-NUCLEO-WB55-USBDONGLE as a kit item of type 'Nucleo USB Dongle'
2022-08-28 20:31:42,622 [INFO] DbBoardsSqlite:227 - include board STEVAL-IDP005V1 as a kit item of type 'Evaluation Board'
2022-08-28 20:31:42,623 [INFO] DbBoardsSqlite:227 - include board STEVAL-IDP005V2 as a kit item of type 'Evaluation Board'
2022-08-28 20:31:42,724 [INFO] ApiDb:239 - Found 138 in-development CPN: [B-WB1M-WPAN1, NUCLEO-C031C6, STEVAL-STWINBX1, STM320518-EVAL, STM32C0116-DK, STM32C011D6Y3TR, STM32C011D6Y6TR, STM32C011F4P3, STM32C011F4P6, STM32C011F4U3, STM32C011F4U6TR, STM32C011F6P3, STM32C011F6P6, STM32C011F6U3, STM32C011F6U6TR, STM32C011J4M3, STM32C011J4M6, STM32C011J6M3, STM32C011J6M6, STM32C0316-DK, STM32C031C4T3, STM32C031C4T6, STM32C031C4U3, STM32C031C4U6, STM32C031C6T3, STM32C031C6T6, STM32C031C6U3, STM32C031C6U6, STM32C031F4P3, STM32C031F4P6, STM32C031F6P3, STM32C031F6P6, STM32C031G4U3, STM32C031G4U6, STM32C031G6U3, STM32C031G6U6, STM32C031K4T3, STM32C031K4T6, STM32C031K4U3, STM32C031K4U6, STM32C031K6T3, STM32C031K6T6, STM32C031K6U3, STM32C031K6U6, STM32G071K8TXN, STM32G071K8UXN, STM32G081GBU6N, STM32G081KBT6N, STM32G081KBUXN, STM32G0B1CCT6N, STM32G0B1KCT6, STM32G0B1NEY6TR, STM32G0B1RCT6N, STM32G0C1CCT6, STM32G0C1CCT6N, STM32G0C1CCU6N, STM32G0C1CET6N, STM32G0C1CEU6N, STM32G0C1KCT6, STM32G0C1NEY6TR, STM32G0C1RCI6N, STM32G0C1RCT6N, STM32G0C1REI6N, STM32G0C1RET6N, STM32G0C1VCI6, STM32G0C1VEI6, STM32G471CCT6, STM32G471CCU6, STM32G471CET3, STM32G471CET6, STM32G471CEU3, STM32G471CEU6, STM32G471MCT6, STM32G471MET3, STM32G471MET6, STM32G471MEY6TR, STM32G471QCT6, STM32G471QET3, STM32G471RCT6, STM32G471RET3, STM32G471RET6, STM32G471VCH6, STM32G471VCI6, STM32G471VCT6, STM32G471VEH3, STM32G471VEH6, STM32G471VEI3, STM32G471VEI6, STM32G471VET3, STM32G471VET6, STM32G474CCT6, STM32L476VGY6PTR, STM32L4R5QGI6STR, STM32MP131AAE3, STM32MP131AAF3, STM32MP131AAG3, STM32MP131CAE3, STM32MP131CAF3, STM32MP131CAG3, STM32MP131DAE7, STM32MP131DAF7, STM32MP131DAG7, STM32MP131FAE7, STM32MP131FAF7, STM32MP131FAG7, STM32MP133AAE3, STM32MP133AAF3, STM32MP133AAG3, STM32MP133CAE3, STM32MP133CAF3, STM32MP133CAG3, STM32MP133DAE7, STM32MP133DAF7, STM32MP133DAG7, STM32MP133FAE7, STM32MP133FAF7, STM32MP133FAG7, STM32MP135AAE3, STM32MP135AAF3, STM32MP135AAG3, STM32MP135CAE3, STM32MP135CAF3, STM32MP135CAG3, STM32MP135DAE7, STM32MP135DAF7, STM32MP135DAG7, STM32MP135F-DK, STM32MP135FAE7, STM32MP135FAF7, STM32MP135FAG7, STM32U595ZJT6Q, STM32U599BJY6QTR, STM32U599NIH6Q, STM32U599NJH6Q, STM32U5A5ZJT6Q, STM32U5A9BJY6QTR, STM32U5A9NJH6Q, STM32WB1MMCH6]
2022-08-28 20:31:43,213 [INFO] BoardInfo:879 - No configuration file found for board P-NUCLEO-WB55
2022-08-28 20:31:43,214 [INFO] DbBoards:156 - Kit is not supported: P-NUCLEO-WB55
2022-08-28 20:31:43,224 [INFO] BoardInfo:879 - No configuration file found for board STEVAL-BFA001V1B
2022-08-28 20:31:43,224 [INFO] DbBoards:156 - Kit is not supported: STEVAL-BFA001V1B
2022-08-28 20:31:43,226 [INFO] BoardInfo:879 - No configuration file found for board STEVAL-BFA001V2B
2022-08-28 20:31:43,226 [INFO] DbBoards:156 - Kit is not supported: STEVAL-BFA001V2B
2022-08-28 20:31:43,578 [INFO] DbBoards:160 - Found 176 boards, 173 are supported
2022-08-28 20:31:43,589 [INFO] ApiDb:418 - Load user favorites file C:\Users\dg_su/.stm32cubeide/favorites.boards.txt: 0 item(s)
2022-08-28 20:31:43,589 [INFO] ApiDb:422 - User favorites Boards=[]
2022-08-28 20:31:43,589 [INFO] DbBoards:189 - Set 0 / 0 favorites Boards
2022-08-28 20:33:20,467 [INFO] McuFinderGlobals:57 - Set McuFinderConnectedMode to true
2022-08-28 20:33:20,470 [INFO] ApiDb:443 - Save user favorites file C:\Users\dg_su/.stm32cubeide/favorites.mcus.txt: 0 item(s)
2022-08-28 20:33:20,473 [INFO] ApiDb:447 - User favorites MCUs=[]
2022-09-01 19:53:35,290 [INFO] Activator:177 - 


2022-09-01 19:53:35,305 [INFO] Activator:178 - !SESSION log4j initialized
2022-09-01 19:54:25,876 [ERROR] LogOutputStream:74 - [STDERR_REDIRECT] SLF4J: Failed to load class "org.slf4j.impl.StaticLoggerBinder".
2022-09-01 19:54:25,876 [ERROR] LogOutputStream:74 - [STDERR_REDIRECT] SLF4J: Defaulting to no-operation (NOP) logger implementation
2022-09-01 19:54:25,881 [ERROR] LogOutputStream:74 - [STDERR_REDIRECT] SLF4J: See http://www.slf4j.org/codes.html#StaticLoggerBinder for further details.
